#
# There is insufficient memory for the Java Runtime Environment to continue.
# Native memory allocation (mmap) failed to map 65011712 bytes for committing reserved memory.
# Possible reasons:
#   The system is out of physical RAM or swap space
#   In 32 bit mode, the process size limit was hit
# Possible solutions:
#   Reduce memory load on the system
#   Increase physical memory or swap space
#   Check if swap backing store is full
#   Use 64 bit Java on a 64 bit OS
#   Decrease Java heap size (-Xmx/-Xms)
#   Decrease number of Java threads
#   Decrease Java thread stack sizes (-Xss)
#   Set larger code cache with -XX:ReservedCodeCacheSize=
# This output file may be truncated or incomplete.
#
#  Out of Memory Error (os_linux.cpp:2671), pid=6481, tid=140362028762880
#
# JRE version: Java(TM) SE Runtime Environment (8.0_25-b17) (build 1.8.0_25-b17)
# Java VM: Java HotSpot(TM) 64-Bit Server VM (25.25-b02 mixed mode linux-amd64 compressed oops)
# Failed to write core dump. Core dumps have been disabled. To enable core dumping, try "ulimit -c unlimited" before starting Java again
#

---------------  T H R E A D  ---------------

Current thread (0x00007fa8ac073800):  VMThread [stack: 0x00007fa894cd4000,0x00007fa894dd5000] [id=6492]

Stack: [0x00007fa894cd4000,0x00007fa894dd5000],  sp=0x00007fa894dd3070,  free space=1020k
Native frames: (J=compiled Java code, j=interpreted, Vv=VM code, C=native code)
V  [libjvm.so+0xa7923a]  VMError::report_and_die()+0x2ca
V  [libjvm.so+0x4e552b]  report_vm_out_of_memory(char const*, int, unsigned long, VMErrorType, char const*)+0x8b
V  [libjvm.so+0x8e5613]  os::Linux::commit_memory_impl(char*, unsigned long, bool)+0x103
V  [libjvm.so+0x8e5b69]  os::pd_commit_memory(char*, unsigned long, unsigned long, bool)+0x29
V  [libjvm.so+0x8df83a]  os::commit_memory(char*, unsigned long, unsigned long, bool)+0x2a
V  [libjvm.so+0x94f923]  PSVirtualSpace::expand_by(unsigned long)+0x53
V  [libjvm.so+0x950d28]  PSYoungGen::resize_generation(unsigned long, unsigned long)+0xf8
V  [libjvm.so+0x94fe82]  PSYoungGen::resize(unsigned long, unsigned long)+0x22
V  [libjvm.so+0x94d163]  PSScavenge::invoke_no_policy()+0xf53
V  [libjvm.so+0x94d8e1]  PSScavenge::invoke()+0x41
V  [libjvm.so+0x907800]  ParallelScavengeHeap::failed_mem_allocate(unsigned long)+0x70
V  [libjvm.so+0xa7a8b7]  VM_ParallelGCFailedAllocation::doit()+0x97
V  [libjvm.so+0xa81fd5]  VM_Operation::evaluate()+0x55
V  [libjvm.so+0xa803aa]  VMThread::evaluate_operation(VM_Operation*)+0xba
V  [libjvm.so+0xa8072e]  VMThread::loop()+0x1ce
V  [libjvm.so+0xa80ba0]  VMThread::run()+0x70
V  [libjvm.so+0x8e7d48]  java_start(Thread*)+0x108

VM_Operation (0x00007fa88f8f7020): ParallelGCFailedAllocation, mode: safepoint, requested by thread 0x00007fa8ac156000


---------------  P R O C E S S  ---------------

Java Threads: ( => current thread )
  0x00007fa8ac156000 JavaThread "pool-1-thread-4" [_thread_blocked, id=6505, stack(0x00007fa88f7f8000,0x00007fa88f8f9000)]
  0x00007fa8ac152800 JavaThread "pool-1-thread-3" [_thread_blocked, id=6504, stack(0x00007fa88f8f9000,0x00007fa88f9fa000)]
  0x00007fa8ac151000 JavaThread "pool-1-thread-2" [_thread_blocked, id=6503, stack(0x00007fa88f9fa000,0x00007fa88fafb000)]
  0x00007fa8ac140000 JavaThread "pool-2-thread-1" [_thread_blocked, id=6502, stack(0x00007fa88fafb000,0x00007fa88fbfc000)]
  0x00007fa8ac13d800 JavaThread "pool-1-thread-1" [_thread_blocked, id=6501, stack(0x00007fa88fbfc000,0x00007fa88fcfd000)]
  0x00007fa8ac0d1800 JavaThread "Service Thread" daemon [_thread_blocked, id=6499, stack(0x00007fa88fdfe000,0x00007fa88feff000)]
  0x00007fa8ac0b1000 JavaThread "C1 CompilerThread2" daemon [_thread_blocked, id=6498, stack(0x00007fa88feff000,0x00007fa890000000)]
  0x00007fa8ac0af800 JavaThread "C2 CompilerThread1" daemon [_thread_blocked, id=6497, stack(0x00007fa8940ed000,0x00007fa8941ee000)]
  0x00007fa8ac0ac800 JavaThread "C2 CompilerThread0" daemon [_thread_blocked, id=6496, stack(0x00007fa8941ee000,0x00007fa8942ef000)]
  0x00007fa8ac0aa800 JavaThread "Signal Dispatcher" daemon [_thread_blocked, id=6495, stack(0x00007fa8942ef000,0x00007fa8943f0000)]
  0x00007fa8ac07c800 JavaThread "Finalizer" daemon [_thread_blocked, id=6494, stack(0x00007fa894ad2000,0x00007fa894bd3000)]
  0x00007fa8ac07a800 JavaThread "Reference Handler" daemon [_thread_blocked, id=6493, stack(0x00007fa894bd3000,0x00007fa894cd4000)]
  0x00007fa8ac00a000 JavaThread "main" [_thread_blocked, id=6487, stack(0x00007fa8b3357000,0x00007fa8b3458000)]

Other Threads:
=>0x00007fa8ac073800 VMThread [stack: 0x00007fa894cd4000,0x00007fa894dd5000] [id=6492]
  0x00007fa8ac0d3000 WatcherThread [stack: 0x00007fa88fcfd000,0x00007fa88fdfe000] [id=6500]

VM state:at safepoint (normal execution)

VM Mutex/Monitor currently owned by a thread:  ([mutex/lock_event])
[0x00007fa8ac006460] Threads_lock - owner thread: 0x00007fa8ac073800
[0x00007fa8ac006960] Heap_lock - owner thread: 0x00007fa8ac156000

Heap:
 PSYoungGen      total 68608K, used 5089K [0x00000000eab00000, 0x00000000ef300000, 0x0000000100000000)
  eden space 63488K, 0% used [0x00000000eab00000,0x00000000eab00000,0x00000000ee900000)
  from space 5120K, 99% used [0x00000000ee900000,0x00000000eedf8448,0x00000000eee00000)
  to   space 5120K, 0% used [0x00000000eee00000,0x00000000eee00000,0x00000000ef300000)
 ParOldGen       total 84992K, used 21650K [0x00000000c0000000, 0x00000000c5300000, 0x00000000eab00000)
  object space 84992K, 25% used [0x00000000c0000000,0x00000000c1524b60,0x00000000c5300000)
 Metaspace       used 6031K, capacity 7024K, committed 7296K, reserved 1056768K
  class space    used 588K, capacity 616K, committed 640K, reserved 1048576K

Card table byte_map: [0x00007fa89cdff000,0x00007fa89d000000] byte_map_base: 0x00007fa89c7ff000

Marking Bits: (ParMarkBitMap*) 0x00007fa8b282a2c0
 Begin Bits: [0x00007fa896000000, 0x00007fa897000000)
 End Bits:   [0x00007fa897000000, 0x00007fa898000000)

Polling page: 0x00007fa8b3471000

CodeCache: size=245760Kb used=8121Kb max_used=8133Kb free=237638Kb
 bounds [0x00007fa89d000000, 0x00007fa89d800000, 0x00007fa8ac000000]
 total_blobs=2060 nmethods=1796 adapters=178
 compilation: enabled

Compilation events (10 events):
Event: 8.589 Thread 0x00007fa8ac0b1000 nmethod 1801 0x00007fa89d7d17d0 code [0x00007fa89d7d1a20, 0x00007fa89d7d2708]
Event: 8.590 Thread 0x00007fa8ac0ac800 1802   !   4       com.android.dx.cf.code.Ropper::processBlock (1101 bytes)
Event: 8.590 Thread 0x00007fa8ac0af800 1803       4       com.android.dx.cf.code.BaseMachine::storeResults (90 bytes)
Event: 8.599 Thread 0x00007fa8ac0af800 nmethod 1803 0x00007fa89d7f6210 code [0x00007fa89d7f64e0, 0x00007fa89d7f71f8]
Event: 8.600 Thread 0x00007fa8ac0af800 1805       4       com.android.dx.ssa.SCCP::addBlockToWorklist (47 bytes)
Event: 8.606 Thread 0x00007fa8ac0af800 nmethod 1805 0x00007fa89d7f8510 code [0x00007fa89d7f86e0, 0x00007fa89d7f9028]
Event: 8.606 Thread 0x00007fa8ac0af800 1804       4       com.android.dx.cf.code.RopperMachine::startBlock (48 bytes)
Event: 8.607 Thread 0x00007fa8ac0af800 nmethod 1804 0x00007fa89d7d7e90 code [0x00007fa89d7d7fe0, 0x00007fa89d7d8118]
Event: 8.645 Thread 0x00007fa8ac0b1000 1806       3       com.android.dx.ssa.ConstCollector$1::compare (13 bytes)
Event: 8.645 Thread 0x00007fa8ac0af800 1809       4       com.android.dx.rop.cst.CstNat::<init> (43 bytes)

GC Heap History (5 events):
Event: 3.966 GC heap before
{Heap before GC invocations=1 (full 0):
 PSYoungGen      total 36864K, used 31744K [0x00000000eab00000, 0x00000000ed400000, 0x0000000100000000)
  eden space 31744K, 100% used [0x00000000eab00000,0x00000000eca00000,0x00000000eca00000)
  from space 5120K, 0% used [0x00000000ecf00000,0x00000000ecf00000,0x00000000ed400000)
  to   space 5120K, 0% used [0x00000000eca00000,0x00000000eca00000,0x00000000ecf00000)
 ParOldGen       total 84992K, used 0K [0x00000000c0000000, 0x00000000c5300000, 0x00000000eab00000)
  object space 84992K, 0% used [0x00000000c0000000,0x00000000c0000000,0x00000000c5300000)
 Metaspace       used 5731K, capacity 6832K, committed 7040K, reserved 1056768K
  class space    used 574K, capacity 616K, committed 640K, reserved 1048576K
Event: 4.094 GC heap after
Heap after GC invocations=1 (full 0):
 PSYoungGen      total 36864K, used 5119K [0x00000000eab00000, 0x00000000ef300000, 0x0000000100000000)
  eden space 31744K, 0% used [0x00000000eab00000,0x00000000eab00000,0x00000000eca00000)
  from space 5120K, 99% used [0x00000000eca00000,0x00000000eceffc48,0x00000000ecf00000)
  to   space 5120K, 0% used [0x00000000eee00000,0x00000000eee00000,0x00000000ef300000)
 ParOldGen       total 84992K, used 1402K [0x00000000c0000000, 0x00000000c5300000, 0x00000000eab00000)
  object space 84992K, 1% used [0x00000000c0000000,0x00000000c015e9c0,0x00000000c5300000)
 Metaspace       used 5731K, capacity 6832K, committed 7040K, reserved 1056768K
  class space    used 574K, capacity 616K, committed 640K, reserved 1048576K
}
Event: 5.430 GC heap before
{Heap before GC invocations=2 (full 0):
 PSYoungGen      total 36864K, used 36863K [0x00000000eab00000, 0x00000000ef300000, 0x0000000100000000)
  eden space 31744K, 100% used [0x00000000eab00000,0x00000000eca00000,0x00000000eca00000)
  from space 5120K, 99% used [0x00000000eca00000,0x00000000eceffc48,0x00000000ecf00000)
  to   space 5120K, 0% used [0x00000000eee00000,0x00000000eee00000,0x00000000ef300000)
 ParOldGen       total 84992K, used 1402K [0x00000000c0000000, 0x00000000c5300000, 0x00000000eab00000)
  object space 84992K, 1% used [0x00000000c0000000,0x00000000c015e9c0,0x00000000c5300000)
 Metaspace       used 5863K, capacity 6896K, committed 7040K, reserved 1056768K
  class space    used 577K, capacity 616K, committed 640K, reserved 1048576K
Event: 5.450 GC heap after
Heap after GC invocations=2 (full 0):
 PSYoungGen      total 68608K, used 5102K [0x00000000eab00000, 0x00000000ef300000, 0x0000000100000000)
  eden space 63488K, 0% used [0x00000000eab00000,0x00000000eab00000,0x00000000ee900000)
  from space 5120K, 99% used [0x00000000eee00000,0x00000000ef2fbb58,0x00000000ef300000)
  to   space 5120K, 0% used [0x00000000ee900000,0x00000000ee900000,0x00000000eee00000)
 ParOldGen       total 84992K, used 9840K [0x00000000c0000000, 0x00000000c5300000, 0x00000000eab00000)
  object space 84992K, 11% used [0x00000000c0000000,0x00000000c099c280,0x00000000c5300000)
 Metaspace       used 5863K, capacity 6896K, committed 7040K, reserved 1056768K
  class space    used 577K, capacity 616K, committed 640K, reserved 1048576K
}
Event: 9.250 GC heap before
{Heap before GC invocations=3 (full 0):
 PSYoungGen      total 68608K, used 68590K [0x00000000eab00000, 0x00000000ef300000, 0x0000000100000000)
  eden space 63488K, 100% used [0x00000000eab00000,0x00000000ee900000,0x00000000ee900000)
  from space 5120K, 99% used [0x00000000eee00000,0x00000000ef2fbb58,0x00000000ef300000)
  to   space 5120K, 0% used [0x00000000ee900000,0x00000000ee900000,0x00000000eee00000)
 ParOldGen       total 84992K, used 9840K [0x00000000c0000000, 0x00000000c5300000, 0x00000000eab00000)
  object space 84992K, 11% used [0x00000000c0000000,0x00000000c099c280,0x00000000c5300000)
 Metaspace       used 6031K, capacity 7024K, committed 7296K, reserved 1056768K
  class space    used 588K, capacity 616K, committed 640K, reserved 1048576K

Deoptimization events (10 events):
Event: 7.272 Thread 0x00007fa8ac156000 Uncommon trap: reason=class_check action=maybe_recompile pc=0x00007fa89d6346a8 method=com.android.dx.ssa.SsaMethod.isRegALocal(Lcom/android/dx/rop/code/RegisterSpec;)Z @ 16
Event: 7.603 Thread 0x00007fa8ac13d800 Uncommon trap: reason=bimorphic action=maybe_recompile pc=0x00007fa89d6daaf0 method=com.android.dx.cf.code.BaseMachine.getLocalTarget(Z)Lcom/android/dx/rop/code/RegisterSpec; @ 70
Event: 7.603 Thread 0x00007fa8ac13d800 Uncommon trap: reason=bimorphic action=maybe_recompile pc=0x00007fa89d717b14 method=com.android.dx.cf.code.BaseMachine.getLocalTarget(Z)Lcom/android/dx/rop/code/RegisterSpec; @ 70
Event: 7.604 Thread 0x00007fa8ac156000 Uncommon trap: reason=class_check action=maybe_recompile pc=0x00007fa89d5838e8 method=com.android.dx.ssa.SCCP.simulatePhi(Lcom/android/dx/ssa/PhiInsn;)V @ 124
Event: 7.605 Thread 0x00007fa8ac156000 Uncommon trap: reason=class_check action=maybe_recompile pc=0x00007fa89d5838e8 method=com.android.dx.ssa.SCCP.simulatePhi(Lcom/android/dx/ssa/PhiInsn;)V @ 124
Event: 8.116 Thread 0x00007fa8ac156000 Uncommon trap: reason=unreached action=reinterpret pc=0x00007fa89d583958 method=com.android.dx.rop.cst.CstLiteral32.equals(Ljava/lang/Object;)Z @ 12
Event: 8.300 Thread 0x00007fa8ac151000 Uncommon trap: reason=unreached action=reinterpret pc=0x00007fa89d4b11b4 method=com.android.dx.ssa.SCCP.simulateBranch(Lcom/android/dx/ssa/SsaInsn;)V @ 132
Event: 8.646 Thread 0x00007fa8ac151000 Uncommon trap: reason=unreached action=reinterpret pc=0x00007fa89d667cf8 method=com.android.dx.rop.cst.CstLiteral32.equals(Ljava/lang/Object;)Z @ 12
Event: 8.648 Thread 0x00007fa8ac156000 Uncommon trap: reason=unreached action=reinterpret pc=0x00007fa89d496968 method=com.android.dx.util.LabeledList.set(ILcom/android/dx/util/LabeledItem;)V @ 16
Event: 8.648 Thread 0x00007fa8ac156000 Uncommon trap: reason=unreached action=reinterpret pc=0x00007fa89d39dc5c method=com.android.dx.util.LabeledList.set(ILcom/android/dx/util/LabeledItem;)V @ 16

Internal exceptions (10 events):
Event: 7.433 Thread 0x00007fa8ac13d800 Exception <a 'java/security/PrivilegedActionException'> (0x00000000ec8c1fd8) thrown at [/HUDSON/workspace/8-2-build-linux-amd64/jdk8u25/1514/hotspot/src/share/vm/prims/jvm.cpp, line 1312]
Event: 7.664 Thread 0x00007fa8ac00a000 Exception <a 'java/security/PrivilegedActionException'> (0x00000000ec4c0960) thrown at [/HUDSON/workspace/8-2-build-linux-amd64/jdk8u25/1514/hotspot/src/share/vm/prims/jvm.cpp, line 1312]
Event: 7.730 Thread 0x00007fa8ac00a000 Exception <a 'java/security/PrivilegedActionException'> (0x00000000ec4c2f20) thrown at [/HUDSON/workspace/8-2-build-linux-amd64/jdk8u25/1514/hotspot/src/share/vm/prims/jvm.cpp, line 1312]
Event: 7.730 Thread 0x00007fa8ac151000 Exception <a 'java/security/PrivilegedActionException'> (0x00000000ec455e40) thrown at [/HUDSON/workspace/8-2-build-linux-amd64/jdk8u25/1514/hotspot/src/share/vm/prims/jvm.cpp, line 1312]
Event: 8.507 Thread 0x00007fa8ac00a000 Exception <a 'java/security/PrivilegedActionException'> (0x00000000edeed2e0) thrown at [/HUDSON/workspace/8-2-build-linux-amd64/jdk8u25/1514/hotspot/src/share/vm/prims/jvm.cpp, line 1312]
Event: 8.508 Thread 0x00007fa8ac00a000 Exception <a 'java/security/PrivilegedActionException'> (0x00000000edeefad0) thrown at [/HUDSON/workspace/8-2-build-linux-amd64/jdk8u25/1514/hotspot/src/share/vm/prims/jvm.cpp, line 1312]
Event: 8.511 Thread 0x00007fa8ac152800 Exception <a 'java/security/PrivilegedActionException'> (0x00000000ee33ccb0) thrown at [/HUDSON/workspace/8-2-build-linux-amd64/jdk8u25/1514/hotspot/src/share/vm/prims/jvm.cpp, line 1312]
Event: 8.565 Thread 0x00007fa8ac152800 Exception <a 'java/security/PrivilegedActionException'> (0x00000000ee342578) thrown at [/HUDSON/workspace/8-2-build-linux-amd64/jdk8u25/1514/hotspot/src/share/vm/prims/jvm.cpp, line 1312]
Event: 8.577 Thread 0x00007fa8ac00a000 Exception <a 'java/security/PrivilegedActionException'> (0x00000000ee37bc48) thrown at [/HUDSON/workspace/8-2-build-linux-amd64/jdk8u25/1514/hotspot/src/share/vm/prims/jvm.cpp, line 1312]
Event: 8.588 Thread 0x00007fa8ac152800 Exception <a 'java/security/PrivilegedActionException'> (0x00000000ee347bf8) thrown at [/HUDSON/workspace/8-2-build-linux-amd64/jdk8u25/1514/hotspot/src/share/vm/prims/jvm.cpp, line 1312]

Events (10 events):
Event: 8.648 Thread 0x00007fa8ac156000 DEOPT PACKING pc=0x00007fa89d496968 sp=0x00007fa88f8f7030
Event: 8.648 Thread 0x00007fa8ac156000 DEOPT UNPACKING pc=0x00007fa89d004f69 sp=0x00007fa88f8f6fc8 mode 2
Event: 8.648 Thread 0x00007fa8ac156000 Uncommon trap: trap_request=0xffffffad fr.pc=0x00007fa89d39dc5c
Event: 8.648 Thread 0x00007fa8ac156000 DEOPT PACKING pc=0x00007fa89d39dc5c sp=0x00007fa88f8f7130
Event: 8.648 Thread 0x00007fa8ac156000 DEOPT UNPACKING pc=0x00007fa89d004f69 sp=0x00007fa88f8f7118 mode 2
Event: 8.649 Thread 0x00007fa8ac156000 DEOPT PACKING pc=0x00007fa89d404ad9 sp=0x00007fa88f8f71c0
Event: 8.649 Thread 0x00007fa8ac156000 DEOPT UNPACKING pc=0x00007fa89d047373 sp=0x00007fa88f8f6f28 mode 0
Event: 8.650 Thread 0x00007fa8ac156000 DEOPT PACKING pc=0x00007fa89d36b6f0 sp=0x00007fa88f8f6f10
Event: 8.650 Thread 0x00007fa8ac156000 DEOPT UNPACKING pc=0x00007fa89d047373 sp=0x00007fa88f8f6d10 mode 0
Event: 8.651 Executing VM operation: ParallelGCFailedAllocation


Dynamic libraries:
00400000-00401000 r-xp 00000000 08:08 11802509                           /usr/lib/jvm/jdk1.8.0_25/bin/java
00600000-00601000 rw-p 00000000 08:08 11802509                           /usr/lib/jvm/jdk1.8.0_25/bin/java
0150d000-0152e000 rw-p 00000000 00:00 0                                  [heap]
c0000000-c5300000 rw-p 00000000 00:00 0 
c5300000-eab00000 ---p 00000000 00:00 0 
eab00000-ef300000 rw-p 00000000 00:00 0 
f3100000-100000000 ---p 00000000 00:00 0 
100000000-1000a0000 rw-p 00000000 00:00 0 
1000a0000-140000000 ---p 00000000 00:00 0 
7fa848000000-7fa848021000 rw-p 00000000 00:00 0 
7fa848021000-7fa84c000000 ---p 00000000 00:00 0 
7fa850000000-7fa85003f000 rw-p 00000000 00:00 0 
7fa85003f000-7fa854000000 ---p 00000000 00:00 0 
7fa854000000-7fa854021000 rw-p 00000000 00:00 0 
7fa854021000-7fa858000000 ---p 00000000 00:00 0 
7fa858000000-7fa85805f000 rw-p 00000000 00:00 0 
7fa85805f000-7fa85c000000 ---p 00000000 00:00 0 
7fa85c000000-7fa85c021000 rw-p 00000000 00:00 0 
7fa85c021000-7fa860000000 ---p 00000000 00:00 0 
7fa860000000-7fa860021000 rw-p 00000000 00:00 0 
7fa860021000-7fa864000000 ---p 00000000 00:00 0 
7fa864000000-7fa864021000 rw-p 00000000 00:00 0 
7fa864021000-7fa868000000 ---p 00000000 00:00 0 
7fa868000000-7fa868f1a000 rw-p 00000000 00:00 0 
7fa868f1a000-7fa86c000000 ---p 00000000 00:00 0 
7fa86c000000-7fa86c716000 rw-p 00000000 00:00 0 
7fa86c716000-7fa870000000 ---p 00000000 00:00 0 
7fa870000000-7fa870021000 rw-p 00000000 00:00 0 
7fa870021000-7fa874000000 ---p 00000000 00:00 0 
7fa874000000-7fa8751c4000 rw-p 00000000 00:00 0 
7fa8751c4000-7fa878000000 ---p 00000000 00:00 0 
7fa878000000-7fa878021000 rw-p 00000000 00:00 0 
7fa878021000-7fa87c000000 ---p 00000000 00:00 0 
7fa87c000000-7fa87c021000 rw-p 00000000 00:00 0 
7fa87c021000-7fa880000000 ---p 00000000 00:00 0 
7fa880000000-7fa880021000 rw-p 00000000 00:00 0 
7fa880021000-7fa884000000 ---p 00000000 00:00 0 
7fa884000000-7fa88427c000 rw-p 00000000 00:00 0 
7fa88427c000-7fa888000000 ---p 00000000 00:00 0 
7fa888000000-7fa888021000 rw-p 00000000 00:00 0 
7fa888021000-7fa88c000000 ---p 00000000 00:00 0 
7fa88f7f8000-7fa88f7fb000 ---p 00000000 00:00 0 
7fa88f7fb000-7fa88f8f9000 rw-p 00000000 00:00 0                          [stack:6505]
7fa88f8f9000-7fa88f8fc000 ---p 00000000 00:00 0 
7fa88f8fc000-7fa88f9fa000 rw-p 00000000 00:00 0                          [stack:6504]
7fa88f9fa000-7fa88f9fd000 ---p 00000000 00:00 0 
7fa88f9fd000-7fa88fafb000 rw-p 00000000 00:00 0                          [stack:6503]
7fa88fafb000-7fa88fafe000 ---p 00000000 00:00 0 
7fa88fafe000-7fa88fbfc000 rw-p 00000000 00:00 0                          [stack:6502]
7fa88fbfc000-7fa88fbff000 ---p 00000000 00:00 0 
7fa88fbff000-7fa88fcfd000 rw-p 00000000 00:00 0                          [stack:6501]
7fa88fcfd000-7fa88fcfe000 ---p 00000000 00:00 0 
7fa88fcfe000-7fa88fdfe000 rw-p 00000000 00:00 0                          [stack:6500]
7fa88fdfe000-7fa88fe01000 ---p 00000000 00:00 0 
7fa88fe01000-7fa88feff000 rw-p 00000000 00:00 0                          [stack:6499]
7fa88feff000-7fa88ff02000 ---p 00000000 00:00 0 
7fa88ff02000-7fa890000000 rw-p 00000000 00:00 0                          [stack:6498]
7fa890000000-7fa890021000 rw-p 00000000 00:00 0 
7fa890021000-7fa894000000 ---p 00000000 00:00 0 
7fa8940ed000-7fa8940f0000 ---p 00000000 00:00 0 
7fa8940f0000-7fa8941ee000 rw-p 00000000 00:00 0                          [stack:6497]
7fa8941ee000-7fa8941f1000 ---p 00000000 00:00 0 
7fa8941f1000-7fa8942ef000 rw-p 00000000 00:00 0                          [stack:6496]
7fa8942ef000-7fa8942f2000 ---p 00000000 00:00 0 
7fa8942f2000-7fa8943f0000 rw-p 00000000 00:00 0                          [stack:6495]
7fa8943f0000-7fa894ad2000 r--p 00000000 08:08 11803464                   /usr/lib/locale/locale-archive
7fa894ad2000-7fa894ad5000 ---p 00000000 00:00 0 
7fa894ad5000-7fa894bd3000 rw-p 00000000 00:00 0                          [stack:6494]
7fa894bd3000-7fa894bd6000 ---p 00000000 00:00 0 
7fa894bd6000-7fa894cd4000 rw-p 00000000 00:00 0                          [stack:6493]
7fa894cd4000-7fa894cd5000 ---p 00000000 00:00 0 
7fa894cd5000-7fa895e80000 rw-p 00000000 00:00 0                          [stack:6492]
7fa895e80000-7fa896000000 ---p 00000000 00:00 0 
7fa896000000-7fa898000000 rw-p 00000000 00:00 0 
7fa898000000-7fa898021000 rw-p 00000000 00:00 0 
7fa898021000-7fa89c000000 ---p 00000000 00:00 0 
7fa89c019000-7fa89c5af000 rw-p 00000000 00:00 0 
7fa89c5af000-7fa89c785000 r--s 03caa000 08:08 11802973                   /usr/lib/jvm/jdk1.8.0_25/jre/lib/rt.jar
7fa89c785000-7fa89c9fb000 rw-p 00000000 00:00 0 
7fa89c9fb000-7fa89c9fc000 ---p 00000000 00:00 0 
7fa89c9fc000-7fa89cafc000 rw-p 00000000 00:00 0                          [stack:6491]
7fa89cafc000-7fa89cafd000 ---p 00000000 00:00 0 
7fa89cafd000-7fa89cbfd000 rw-p 00000000 00:00 0                          [stack:6490]
7fa89cbfd000-7fa89cbfe000 ---p 00000000 00:00 0 
7fa89cbfe000-7fa89ccfe000 rw-p 00000000 00:00 0                          [stack:6489]
7fa89ccfe000-7fa89ccff000 ---p 00000000 00:00 0 
7fa89ccff000-7fa89ce29000 rw-p 00000000 00:00 0                          [stack:6488]
7fa89ce29000-7fa89cf54000 ---p 00000000 00:00 0 
7fa89cf54000-7fa89cf79000 rw-p 00000000 00:00 0 
7fa89cf79000-7fa89cfff000 ---p 00000000 00:00 0 
7fa89cfff000-7fa89d000000 rw-p 00000000 00:00 0 
7fa89d000000-7fa89d800000 rwxp 00000000 00:00 0 
7fa89d800000-7fa8ac000000 ---p 00000000 00:00 0 
7fa8ac000000-7fa8ac38c000 rw-p 00000000 00:00 0 
7fa8ac38c000-7fa8b0000000 ---p 00000000 00:00 0 
7fa8b000b000-7fa8b001a000 r--s 000df000 00:18 9307731                    /home/maulin/Android/Sdk/build-tools/23.0.2/lib/dx.jar
7fa8b001a000-7fa8b0044000 rw-p 00000000 00:00 0 
7fa8b0044000-7fa8b0170000 ---p 00000000 00:00 0 
7fa8b0170000-7fa8b0190000 rw-p 00000000 00:00 0 
7fa8b0190000-7fa8b0530000 ---p 00000000 00:00 0 
7fa8b0530000-7fa8b054a000 r-xp 00000000 08:08 11802907                   /usr/lib/jvm/jdk1.8.0_25/jre/lib/amd64/libzip.so
7fa8b054a000-7fa8b074a000 ---p 0001a000 08:08 11802907                   /usr/lib/jvm/jdk1.8.0_25/jre/lib/amd64/libzip.so
7fa8b074a000-7fa8b074b000 rw-p 0001a000 08:08 11802907                   /usr/lib/jvm/jdk1.8.0_25/jre/lib/amd64/libzip.so
7fa8b074b000-7fa8b0756000 r-xp 00000000 08:08 13506799                   /lib/x86_64-linux-gnu/libnss_files-2.19.so
7fa8b0756000-7fa8b0955000 ---p 0000b000 08:08 13506799                   /lib/x86_64-linux-gnu/libnss_files-2.19.so
7fa8b0955000-7fa8b0956000 r--p 0000a000 08:08 13506799                   /lib/x86_64-linux-gnu/libnss_files-2.19.so
7fa8b0956000-7fa8b0957000 rw-p 0000b000 08:08 13506799                   /lib/x86_64-linux-gnu/libnss_files-2.19.so
7fa8b0957000-7fa8b0962000 r-xp 00000000 08:08 13506806                   /lib/x86_64-linux-gnu/libnss_nis-2.19.so
7fa8b0962000-7fa8b0b61000 ---p 0000b000 08:08 13506806                   /lib/x86_64-linux-gnu/libnss_nis-2.19.so
7fa8b0b61000-7fa8b0b62000 r--p 0000a000 08:08 13506806                   /lib/x86_64-linux-gnu/libnss_nis-2.19.so
7fa8b0b62000-7fa8b0b63000 rw-p 0000b000 08:08 13506806                   /lib/x86_64-linux-gnu/libnss_nis-2.19.so
7fa8b0b63000-7fa8b0b7a000 r-xp 00000000 08:08 13506792                   /lib/x86_64-linux-gnu/libnsl-2.19.so
7fa8b0b7a000-7fa8b0d79000 ---p 00017000 08:08 13506792                   /lib/x86_64-linux-gnu/libnsl-2.19.so
7fa8b0d79000-7fa8b0d7a000 r--p 00016000 08:08 13506792                   /lib/x86_64-linux-gnu/libnsl-2.19.so
7fa8b0d7a000-7fa8b0d7b000 rw-p 00017000 08:08 13506792                   /lib/x86_64-linux-gnu/libnsl-2.19.so
7fa8b0d7b000-7fa8b0d7d000 rw-p 00000000 00:00 0 
7fa8b0d7d000-7fa8b0d86000 r-xp 00000000 08:08 13506803                   /lib/x86_64-linux-gnu/libnss_compat-2.19.so
7fa8b0d86000-7fa8b0f85000 ---p 00009000 08:08 13506803                   /lib/x86_64-linux-gnu/libnss_compat-2.19.so
7fa8b0f85000-7fa8b0f86000 r--p 00008000 08:08 13506803                   /lib/x86_64-linux-gnu/libnss_compat-2.19.so
7fa8b0f86000-7fa8b0f87000 rw-p 00009000 08:08 13506803                   /lib/x86_64-linux-gnu/libnss_compat-2.19.so
7fa8b0f87000-7fa8b0fb1000 r-xp 00000000 08:08 11802923                   /usr/lib/jvm/jdk1.8.0_25/jre/lib/amd64/libjava.so
7fa8b0fb1000-7fa8b11b1000 ---p 0002a000 08:08 11802923                   /usr/lib/jvm/jdk1.8.0_25/jre/lib/amd64/libjava.so
7fa8b11b1000-7fa8b11b3000 rw-p 0002a000 08:08 11802923                   /usr/lib/jvm/jdk1.8.0_25/jre/lib/amd64/libjava.so
7fa8b11b3000-7fa8b11c0000 r-xp 00000000 08:08 11802892                   /usr/lib/jvm/jdk1.8.0_25/jre/lib/amd64/libverify.so
7fa8b11c0000-7fa8b13c0000 ---p 0000d000 08:08 11802892                   /usr/lib/jvm/jdk1.8.0_25/jre/lib/amd64/libverify.so
7fa8b13c0000-7fa8b13c2000 rw-p 0000d000 08:08 11802892                   /usr/lib/jvm/jdk1.8.0_25/jre/lib/amd64/libverify.so
7fa8b13c2000-7fa8b13c9000 r-xp 00000000 08:08 13506809                   /lib/x86_64-linux-gnu/librt-2.19.so
7fa8b13c9000-7fa8b15c8000 ---p 00007000 08:08 13506809                   /lib/x86_64-linux-gnu/librt-2.19.so
7fa8b15c8000-7fa8b15c9000 r--p 00006000 08:08 13506809                   /lib/x86_64-linux-gnu/librt-2.19.so
7fa8b15c9000-7fa8b15ca000 rw-p 00007000 08:08 13506809                   /lib/x86_64-linux-gnu/librt-2.19.so
7fa8b15ca000-7fa8b16cf000 r-xp 00000000 08:08 13506791                   /lib/x86_64-linux-gnu/libm-2.19.so
7fa8b16cf000-7fa8b18ce000 ---p 00105000 08:08 13506791                   /lib/x86_64-linux-gnu/libm-2.19.so
7fa8b18ce000-7fa8b18cf000 r--p 00104000 08:08 13506791                   /lib/x86_64-linux-gnu/libm-2.19.so
7fa8b18cf000-7fa8b18d0000 rw-p 00105000 08:08 13506791                   /lib/x86_64-linux-gnu/libm-2.19.so
7fa8b18d0000-7fa8b253d000 r-xp 00000000 08:08 11802888                   /usr/lib/jvm/jdk1.8.0_25/jre/lib/amd64/server/libjvm.so
7fa8b253d000-7fa8b273c000 ---p 00c6d000 08:08 11802888                   /usr/lib/jvm/jdk1.8.0_25/jre/lib/amd64/server/libjvm.so
7fa8b273c000-7fa8b2812000 rw-p 00c6c000 08:08 11802888                   /usr/lib/jvm/jdk1.8.0_25/jre/lib/amd64/server/libjvm.so
7fa8b2812000-7fa8b2855000 rw-p 00000000 00:00 0 
7fa8b2855000-7fa8b2a10000 r-xp 00000000 08:08 13506807                   /lib/x86_64-linux-gnu/libc-2.19.so
7fa8b2a10000-7fa8b2c10000 ---p 001bb000 08:08 13506807                   /lib/x86_64-linux-gnu/libc-2.19.so
7fa8b2c10000-7fa8b2c14000 r--p 001bb000 08:08 13506807                   /lib/x86_64-linux-gnu/libc-2.19.so
7fa8b2c14000-7fa8b2c16000 rw-p 001bf000 08:08 13506807                   /lib/x86_64-linux-gnu/libc-2.19.so
7fa8b2c16000-7fa8b2c1b000 rw-p 00000000 00:00 0 
7fa8b2c1b000-7fa8b2c1e000 r-xp 00000000 08:08 13506801                   /lib/x86_64-linux-gnu/libdl-2.19.so
7fa8b2c1e000-7fa8b2e1d000 ---p 00003000 08:08 13506801                   /lib/x86_64-linux-gnu/libdl-2.19.so
7fa8b2e1d000-7fa8b2e1e000 r--p 00002000 08:08 13506801                   /lib/x86_64-linux-gnu/libdl-2.19.so
7fa8b2e1e000-7fa8b2e1f000 rw-p 00003000 08:08 13506801                   /lib/x86_64-linux-gnu/libdl-2.19.so
7fa8b2e1f000-7fa8b2e34000 r-xp 00000000 08:08 12329720                   /usr/lib/jvm/jdk1.8.0_25/lib/amd64/jli/libjli.so
7fa8b2e34000-7fa8b3033000 ---p 00015000 08:08 12329720                   /usr/lib/jvm/jdk1.8.0_25/lib/amd64/jli/libjli.so
7fa8b3033000-7fa8b3034000 rw-p 00014000 08:08 12329720                   /usr/lib/jvm/jdk1.8.0_25/lib/amd64/jli/libjli.so
7fa8b3034000-7fa8b304d000 r-xp 00000000 08:08 13506796                   /lib/x86_64-linux-gnu/libpthread-2.19.so
7fa8b304d000-7fa8b324c000 ---p 00019000 08:08 13506796                   /lib/x86_64-linux-gnu/libpthread-2.19.so
7fa8b324c000-7fa8b324d000 r--p 00018000 08:08 13506796                   /lib/x86_64-linux-gnu/libpthread-2.19.so
7fa8b324d000-7fa8b324e000 rw-p 00019000 08:08 13506796                   /lib/x86_64-linux-gnu/libpthread-2.19.so
7fa8b324e000-7fa8b3252000 rw-p 00000000 00:00 0 
7fa8b3252000-7fa8b3275000 r-xp 00000000 08:08 13506804                   /lib/x86_64-linux-gnu/ld-2.19.so
7fa8b327e000-7fa8b3357000 rw-p 00000000 00:00 0 
7fa8b3357000-7fa8b335a000 ---p 00000000 00:00 0 
7fa8b335a000-7fa8b345c000 rw-p 00000000 00:00 0                          [stack:6487]
7fa8b3467000-7fa8b3468000 rw-p 00000000 00:00 0 
7fa8b3468000-7fa8b3470000 rw-s 00000000 08:08 3932223                    /tmp/hsperfdata_maulin/6481
7fa8b3470000-7fa8b3471000 rw-p 00000000 00:00 0 
7fa8b3471000-7fa8b3472000 ---p 00000000 00:00 0 
7fa8b3472000-7fa8b3474000 rw-p 00000000 00:00 0 
7fa8b3474000-7fa8b3475000 r--p 00022000 08:08 13506804                   /lib/x86_64-linux-gnu/ld-2.19.so
7fa8b3475000-7fa8b3476000 rw-p 00023000 08:08 13506804                   /lib/x86_64-linux-gnu/ld-2.19.so
7fa8b3476000-7fa8b3477000 rw-p 00000000 00:00 0 
7fffbe3a7000-7fffbe3c8000 rw-p 00000000 00:00 0                          [stack]
7fffbe3fe000-7fffbe400000 r-xp 00000000 00:00 0                          [vdso]
ffffffffff600000-ffffffffff601000 r-xp 00000000 00:00 0                  [vsyscall]

VM Arguments:
jvm_args: -Djava.awt.headless=true -Xmx1024M -Dfile.encoding=UTF-8 -Duser.country=US -Duser.language=en -Duser.variant 
java_command: com.android.dx.command.Main --dex --num-threads=4 --output /home/maulin/AndroidStudioProjects/MyAppPortfolio/app/build/intermediates/pre-dexed/debug/main_ec8ad074532e8c26377de24b002a035a2bfc431d.jar /home/maulin/AndroidStudioProjects/MyAppPortfolio/app/build/intermediates/transforms/instantRun/debug/folders/1/1/main
java_class_path (initial): /home/maulin/Android/Sdk/build-tools/23.0.2/lib/dx.jar
Launcher Type: SUN_STANDARD

Environment Variables:
PATH=/usr/local/sbin:/usr/local/bin:/usr/sbin:/usr/bin:/sbin:/bin:/usr/games:/usr/local/games
SHELL=/bin/bash
DISPLAY=:0

Signal Handlers:
SIGSEGV: [libjvm.so+0xa79a80], sa_mask[0]=11111111011111111101111111111110, sa_flags=SA_RESTART|SA_SIGINFO
SIGBUS: [libjvm.so+0xa79a80], sa_mask[0]=11111111011111111101111111111110, sa_flags=SA_RESTART|SA_SIGINFO
SIGFPE: [libjvm.so+0x8e24e0], sa_mask[0]=11111111011111111101111111111110, sa_flags=SA_RESTART|SA_SIGINFO
SIGPIPE: [libjvm.so+0x8e24e0], sa_mask[0]=11111111011111111101111111111110, sa_flags=SA_RESTART|SA_SIGINFO
SIGXFSZ: [libjvm.so+0x8e24e0], sa_mask[0]=11111111011111111101111111111110, sa_flags=SA_RESTART|SA_SIGINFO
SIGILL: [libjvm.so+0x8e24e0], sa_mask[0]=11111111011111111101111111111110, sa_flags=SA_RESTART|SA_SIGINFO
SIGUSR1: SIG_DFL, sa_mask[0]=00000000000000000000000000000000, sa_flags=none
SIGUSR2: [libjvm.so+0x8e3d10], sa_mask[0]=00100000000000000000000000000000, sa_flags=SA_RESTART|SA_SIGINFO
SIGHUP: [libjvm.so+0x8e50d0], sa_mask[0]=11111111011111111101111111111110, sa_flags=SA_RESTART|SA_SIGINFO
SIGINT: [libjvm.so+0x8e50d0], sa_mask[0]=11111111011111111101111111111110, sa_flags=SA_RESTART|SA_SIGINFO
SIGTERM: [libjvm.so+0x8e50d0], sa_mask[0]=11111111011111111101111111111110, sa_flags=SA_RESTART|SA_SIGINFO
SIGQUIT: [libjvm.so+0x8e50d0], sa_mask[0]=11111111011111111101111111111110, sa_flags=SA_RESTART|SA_SIGINFO


---------------  S Y S T E M  ---------------

OS:DISTRIB_ID=Ubuntu
DISTRIB_RELEASE=14.04
DISTRIB_CODENAME=trusty
DISTRIB_DESCRIPTION="Ubuntu 14.04.1 LTS"

uname:Linux 3.13.0-40-generic #69-Ubuntu SMP Thu Nov 13 17:53:56 UTC 2014 x86_64
libc:glibc 2.19 NPTL 2.19 
rlimit: STACK 8192k, CORE 0k, NPROC 62822, NOFILE 4096, AS infinity
load average:3.05 1.70 1.09

/proc/meminfo:
MemTotal:        8071028 kB
MemFree:          125796 kB
Buffers:             556 kB
Cached:          2736276 kB
SwapCached:            0 kB
Active:          5000100 kB
Inactive:        2724844 kB
Active(anon):    4993928 kB
Inactive(anon):  2700768 kB
Active(file):       6172 kB
Inactive(file):    24076 kB
Unevictable:          32 kB
Mlocked:              32 kB
SwapTotal:             0 kB
SwapFree:              0 kB
Dirty:               400 kB
Writeback:             0 kB
AnonPages:       4988120 kB
Mapped:           802504 kB
Shmem:           2706616 kB
Slab:              83364 kB
SReclaimable:      39596 kB
SUnreclaim:        43768 kB
KernelStack:        4920 kB
PageTables:        39844 kB
NFS_Unstable:          0 kB
Bounce:                0 kB
WritebackTmp:          0 kB
CommitLimit:     4035512 kB
Committed_AS:   11679896 kB
VmallocTotal:   34359738367 kB
VmallocUsed:      362480 kB
VmallocChunk:   34359362032 kB
HardwareCorrupted:     0 kB
AnonHugePages:   2832384 kB
HugePages_Total:       0
HugePages_Free:        0
HugePages_Rsvd:        0
HugePages_Surp:        0
Hugepagesize:       2048 kB
DirectMap4k:       74424 kB
DirectMap2M:     1916928 kB
DirectMap1G:     6291456 kB


CPU:total 4 (4 cores per cpu, 1 threads per core) family 6 model 60 stepping 3, cmov, cx8, fxsr, mmx, sse, sse2, sse3, ssse3, sse4.1, sse4.2, popcnt, avx, avx2, aes, clmul, erms, rtm, lzcnt, tsc, tscinvbit, bmi1, bmi2

/proc/cpuinfo:
processor	: 0
vendor_id	: GenuineIntel
cpu family	: 6
model		: 60
model name	: Intel(R) Core(TM) i5-4690 CPU @ 3.50GHz
stepping	: 3
microcode	: 0x12
cpu MHz		: 3501.000
cache size	: 6144 KB
physical id	: 0
siblings	: 4
core id		: 0
cpu cores	: 4
apicid		: 0
initial apicid	: 0
fpu		: yes
fpu_exception	: yes
cpuid level	: 13
wp		: yes
flags		: fpu vme de pse tsc msr pae mce cx8 apic sep mtrr pge mca cmov pat pse36 clflush dts acpi mmx fxsr sse sse2 ss ht tm pbe syscall nx pdpe1gb rdtscp lm constant_tsc arch_perfmon pebs bts rep_good nopl xtopology nonstop_tsc aperfmperf eagerfpu pni pclmulqdq dtes64 monitor ds_cpl vmx smx est tm2 ssse3 fma cx16 xtpr pdcm pcid sse4_1 sse4_2 x2apic movbe popcnt tsc_deadline_timer aes xsave avx f16c rdrand lahf_lm abm ida arat xsaveopt pln pts dtherm tpr_shadow vnmi flexpriority ept vpid fsgsbase tsc_adjust bmi1 hle avx2 smep bmi2 erms invpcid rtm
bogomips	: 6984.02
clflush size	: 64
cache_alignment	: 64
address sizes	: 39 bits physical, 48 bits virtual
power management:

processor	: 1
vendor_id	: GenuineIntel
cpu family	: 6
model		: 60
model name	: Intel(R) Core(TM) i5-4690 CPU @ 3.50GHz
stepping	: 3
microcode	: 0x12
cpu MHz		: 3501.000
cache size	: 6144 KB
physical id	: 0
siblings	: 4
core id		: 1
cpu cores	: 4
apicid		: 2
initial apicid	: 2
fpu		: yes
fpu_exception	: yes
cpuid level	: 13
wp		: yes
flags		: fpu vme de pse tsc msr pae mce cx8 apic sep mtrr pge mca cmov pat pse36 clflush dts acpi mmx fxsr sse sse2 ss ht tm pbe syscall nx pdpe1gb rdtscp lm constant_tsc arch_perfmon pebs bts rep_good nopl xtopology nonstop_tsc aperfmperf eagerfpu pni pclmulqdq dtes64 monitor ds_cpl vmx smx est tm2 ssse3 fma cx16 xtpr pdcm pcid sse4_1 sse4_2 x2apic movbe popcnt tsc_deadline_timer aes xsave avx f16c rdrand lahf_lm abm ida arat xsaveopt pln pts dtherm tpr_shadow vnmi flexpriority ept vpid fsgsbase tsc_adjust bmi1 hle avx2 smep bmi2 erms invpcid rtm
bogomips	: 6984.02
clflush size	: 64
cache_alignment	: 64
address sizes	: 39 bits physical, 48 bits virtual
power management:

processor	: 2
vendor_id	: GenuineIntel
cpu family	: 6
model		: 60
model name	: Intel(R) Core(TM) i5-4690 CPU @ 3.50GHz
stepping	: 3
microcode	: 0x12
cpu MHz		: 800.000
cache size	: 6144 KB
physical id	: 0
siblings	: 4
core id		: 2
cpu cores	: 4
apicid		: 4
initial apicid	: 4
fpu		: yes
fpu_exception	: yes
cpuid level	: 13
wp		: yes
flags		: fpu vme de pse tsc msr pae mce cx8 apic sep mtrr pge mca cmov pat pse36 clflush dts acpi mmx fxsr sse sse2 ss ht tm pbe syscall nx pdpe1gb rdtscp lm constant_tsc arch_perfmon pebs bts rep_good nopl xtopology nonstop_tsc aperfmperf eagerfpu pni pclmulqdq dtes64 monitor ds_cpl vmx smx est tm2 ssse3 fma cx16 xtpr pdcm pcid sse4_1 sse4_2 x2apic movbe popcnt tsc_deadline_timer aes xsave avx f16c rdrand lahf_lm abm ida arat xsaveopt pln pts dtherm tpr_shadow vnmi flexpriority ept vpid fsgsbase tsc_adjust bmi1 hle avx2 smep bmi2 erms invpcid rtm
bogomips	: 6984.02
clflush size	: 64
cache_alignment	: 64
address sizes	: 39 bits physical, 48 bits virtual
power management:

processor	: 3
vendor_id	: GenuineIntel
cpu family	: 6
model		: 60
model name	: Intel(R) Core(TM) i5-4690 CPU @ 3.50GHz
stepping	: 3
microcode	: 0x12
cpu MHz		: 800.000
cache size	: 6144 KB
physical id	: 0
siblings	: 4
core id		: 3
cpu cores	: 4
apicid		: 6
initial apicid	: 6
fpu		: yes
fpu_exception	: yes
cpuid level	: 13
wp		: yes
flags		: fpu vme de pse tsc msr pae mce cx8 apic sep mtrr pge mca cmov pat pse36 clflush dts acpi mmx fxsr sse sse2 ss ht tm pbe syscall nx pdpe1gb rdtscp lm constant_tsc arch_perfmon pebs bts rep_good nopl xtopology nonstop_tsc aperfmperf eagerfpu pni pclmulqdq dtes64 monitor ds_cpl vmx smx est tm2 ssse3 fma cx16 xtpr pdcm pcid sse4_1 sse4_2 x2apic movbe popcnt tsc_deadline_timer aes xsave avx f16c rdrand lahf_lm abm ida arat xsaveopt pln pts dtherm tpr_shadow vnmi flexpriority ept vpid fsgsbase tsc_adjust bmi1 hle avx2 smep bmi2 erms invpcid rtm
bogomips	: 6984.02
clflush size	: 64
cache_alignment	: 64
address sizes	: 39 bits physical, 48 bits virtual
power management:



Memory: 4k page, physical 8071028k(125796k free), swap 0k(0k free)

vm_info: Java HotSpot(TM) 64-Bit Server VM (25.25-b02) for linux-amd64 JRE (1.8.0_25-b17), built on Sep 17 2014 17:32:11 by "java_re" with gcc 4.3.0 20080428 (Red Hat 4.3.0-8)

time: Fri Dec 25 10:10:58 2015
elapsed time: 13 seconds (0d 0h 0m 13s)

